Performing C SOURCE FILE Test CMAKE_HAVE_LIBC_PTHREAD failed with the following output:
Change Dir: /home/felix/CLionProjects/park/ind_hw/cmake-build-debug/CMakeFiles/CMakeTmp

Run Build Command(s):/usr/bin/make cmTC_c12e3/fast && /usr/bin/make -f CMakeFiles/cmTC_c12e3.dir/build.make CMakeFiles/cmTC_c12e3.dir/build
make[1]: Entering directory '/home/felix/CLionProjects/park/ind_hw/cmake-build-debug/CMakeFiles/CMakeTmp'
Building C object CMakeFiles/cmTC_c12e3.dir/src.c.o
/usr/bin/cc   -DCMAKE_HAVE_LIBC_PTHREAD   -o CMakeFiles/cmTC_c12e3.dir/src.c.o   -c /home/felix/CLionProjects/park/ind_hw/cmake-build-debug/CMakeFiles/CMakeTmp/src.c
Linking C executable cmTC_c12e3
/snap/clion/103/bin/cmake/linux/bin/cmake -E cmake_link_script CMakeFiles/cmTC_c12e3.dir/link.txt --verbose=1
/usr/bin/cc  -DCMAKE_HAVE_LIBC_PTHREAD    -rdynamic CMakeFiles/cmTC_c12e3.dir/src.c.o  -o cmTC_c12e3 
CMakeFiles/cmTC_c12e3.dir/src.c.o: In function `main':
src.c:(.text+0x3c): undefined reference to `pthread_create'
src.c:(.text+0x48): undefined reference to `pthread_detach'
src.c:(.text+0x59): undefined reference to `pthread_join'
src.c:(.text+0x6d): undefined reference to `pthread_atfork'
collect2: error: ld returned 1 exit status
CMakeFiles/cmTC_c12e3.dir/build.make:86: recipe for target 'cmTC_c12e3' failed
make[1]: *** [cmTC_c12e3] Error 1
make[1]: Leaving directory '/home/felix/CLionProjects/park/ind_hw/cmake-build-debug/CMakeFiles/CMakeTmp'
Makefile:121: recipe for target 'cmTC_c12e3/fast' failed
make: *** [cmTC_c12e3/fast] Error 2


Source file was:
#include <pthread.h>

void* test_func(void* data)
{
  return data;
}

int main(void)
{
  pthread_t thread;
  pthread_create(&thread, NULL, test_func, NULL);
  pthread_detach(thread);
  pthread_join(thread, NULL);
  pthread_atfork(NULL, NULL, NULL);
  pthread_exit(NULL);

  return 0;
}

